<?xml version="1.0" encoding="UTF-8"?>
<!-- Generated by org.testng.reporters.JUnitReportReporter -->
<testsuite skipped="0" hostname="Seachange-PC" name="purchase_Admin.UnitPackingsTest" tests="2" failures="0" timestamp="23 Jun 2017 05:00:04 GMT" time="474.285" errors="0">
  <testcase name="UnitPacking" time="3.492" classname="purchase_Admin.UnitPackingsTest"/>
  <testcase name="AddUnitPacking" time="470.793" classname="purchase_Admin.UnitPackingsTest"/>
</testsuite> <!-- purchase_Admin.UnitPackingsTest -->
