<?xml version="1.0" encoding="UTF-8"?>
<!-- Generated by org.testng.reporters.JUnitReportReporter -->
<testsuite skipped="0" hostname="Seachange-PC" name="technical_Admin.AlarmUnitLibraryTest" tests="3" failures="0" timestamp="14 Jun 2017 07:29:11 GMT" time="23.095" errors="0">
  <testcase name="AlarmUnit" time="4.313" classname="technical_Admin.AlarmUnitLibraryTest"/>
  <testcase name="PMSAlarmUnit" time="3.333" classname="technical_Admin.AlarmUnitLibraryTest"/>
  <testcase name="AddNewUnit" time="15.449" classname="technical_Admin.AlarmUnitLibraryTest"/>
</testsuite> <!-- technical_Admin.AlarmUnitLibraryTest -->
