<?xml version="1.0" encoding="UTF-8"?>
<!-- Generated by org.testng.reporters.JUnitReportReporter -->
<testsuite skipped="0" hostname="Seachange-PC" name="purchase_Admin.EmailTemplateTest" tests="2" failures="0" timestamp="13 Jun 2017 09:24:50 GMT" time="29.028" errors="0">
  <testcase name="EmailTemplat" time="4.944" classname="purchase_Admin.EmailTemplateTest"/>
  <testcase name="AddEmailTemplate" time="24.084" classname="purchase_Admin.EmailTemplateTest"/>
</testsuite> <!-- purchase_Admin.EmailTemplateTest -->
