<?xml version="1.0" encoding="UTF-8"?>
<!-- Generated by org.testng.reporters.JUnitReportReporter -->
<testsuite skipped="0" hostname="Seachange-PC" name="purchase_Admin.LocationTest" tests="4" failures="0" timestamp="29 Jun 2017 05:41:10 GMT" time="79.424" errors="0">
  <testcase name="Locations" time="5.798" classname="purchase_Admin.LocationTest"/>
  <testcase name="AddNewLocation" time="23.997" classname="purchase_Admin.LocationTest"/>
  <testcase name="EditLocation" time="27.289" classname="purchase_Admin.LocationTest"/>
  <testcase name="DeleteLocation" time="22.340" classname="purchase_Admin.LocationTest"/>
</testsuite> <!-- purchase_Admin.LocationTest -->
